New log file opened at Tue Dec 27 09:28:32 PST 2016 by 3313@makemake.local
Sending msg to client play-fork-run-a1192812-a37e-42f1-b3cf-c21a9fe86f94: DetachedLogEvent(LogMessage(debug,sbt server socket logs are in: /Users/curtiscooley/workspace/recteamcaptain/.sbtserver/connections/master.log))
Sending msg to client play-fork-run-a1192812-a37e-42f1-b3cf-c21a9fe86f94: DetachedLogEvent(LogMessage(debug,sbt client logs are in: /Users/curtiscooley/workspace/recteamcaptain/.sbtserver/connections/play-fork-run-a1192812-a37e-42f1-b3cf-c21a9fe86f94.log))
Sending msg to client play-fork-run-a1192812-a37e-42f1-b3cf-c21a9fe86f94: DetachedLogEvent(LogMessage(debug,sbt general server logs are in: /Users/curtiscooley/workspace/recteamcaptain/.sbtserver/master.log))
Reading next message from client.
Got request: DaemonRequest(true)
Reading next message from client.
Sending msg to client play-fork-run-a1192812-a37e-42f1-b3cf-c21a9fe86f94: (3,ReceivedResponse())
Got request: ListenToEvents()
Reading next message from client.
Sending msg to client play-fork-run-a1192812-a37e-42f1-b3cf-c21a9fe86f94: BackgroundJobStarted(30,BackgroundJobInfo(2,backgroundRun,AttributeKey[sbt.BackgroundJobHandle]("backgroundRun") in Scope(Build: file:/Users/curtiscooley/workspace/recteamcaptain/, , Project: ProjectReference(file:/Users/curtiscooley/workspace/recteamcaptain/,root), Config: compile)))
Sending msg to client play-fork-run-a1192812-a37e-42f1-b3cf-c21a9fe86f94: BackgroundJobStarted(5,BackgroundJobInfo(1,backgroundRun,AttributeKey[sbt.BackgroundJobHandle]("backgroundRun") in Scope(Build: file:/Users/curtiscooley/workspace/recteamcaptain/, , Project: ProjectReference(file:/Users/curtiscooley/workspace/recteamcaptain/,root), Config: compile)))
Sending msg to client play-fork-run-a1192812-a37e-42f1-b3cf-c21a9fe86f94: (4,ReceivedResponse())
Got request: KeyLookupRequest(root/playForkConfig)
Reading next message from client.
Sending msg to client play-fork-run-a1192812-a37e-42f1-b3cf-c21a9fe86f94: (5,KeyLookupResponse(root/playForkConfig,Vector(AttributeKey[play.forkrun.protocol.ForkConfig]("playForkConfig") in Scope(Build: file:/Users/curtiscooley/workspace/recteamcaptain/, , Project: ProjectReference(file:/Users/curtiscooley/workspace/recteamcaptain/,root)))))
Got request: ListenToValue(AttributeKey[play.forkrun.protocol.ForkConfig]("playForkConfig") in Scope(Build: file:/Users/curtiscooley/workspace/recteamcaptain/, , Project: ProjectReference(file:/Users/curtiscooley/workspace/recteamcaptain/,root)))
Reading next message from client.
Sending msg to client play-fork-run-a1192812-a37e-42f1-b3cf-c21a9fe86f94: (6,ReceivedResponse())
Got request: KeyExecutionRequest(AttributeKey[play.forkrun.protocol.ForkConfig]("playForkConfig") in Scope(Build: file:/Users/curtiscooley/workspace/recteamcaptain/, , Project: ProjectReference(file:/Users/curtiscooley/workspace/recteamcaptain/,root)))
Reading next message from client.
Sending msg to client play-fork-run-a1192812-a37e-42f1-b3cf-c21a9fe86f94: (7,ExecutionRequestReceived(31))
Sending msg to client play-fork-run-a1192812-a37e-42f1-b3cf-c21a9fe86f94: ExecutionWaiting(31,{file:/Users/curtiscooley/workspace/recteamcaptain/}root/*:playForkConfig,ClientInfo(a1192812-a37e-42f1-b3cf-c21a9fe86f94,play-fork-run,Play Fork Run,1,Vector()))
Sending msg to client play-fork-run-a1192812-a37e-42f1-b3cf-c21a9fe86f94: ExecutionStarting(31)
Sending msg to client play-fork-run-a1192812-a37e-42f1-b3cf-c21a9fe86f94: DetachedLogEvent(LogMessage(debug,> {file:/Users/curtiscooley/workspace/recteamcaptain/}root/*:playForkConfig))
Sending msg to client play-fork-run-a1192812-a37e-42f1-b3cf-c21a9fe86f94: DetachedLogEvent(LogMessage(debug,Evaluating tasks: *:playForkConfig))
Sending msg to client play-fork-run-a1192812-a37e-42f1-b3cf-c21a9fe86f94: DetachedLogEvent(LogMessage(debug,Running task... Cancel: sbt.server.ServerTaskCancellation@14ac9286, check cycles: false))
Sending msg to client play-fork-run-a1192812-a37e-42f1-b3cf-c21a9fe86f94: DetachedLogEvent(LogMessage(debug,cancel strategy start enabled=true lastCommand=Some(LastCommand(CommandExecutionWork(ExecutionId(31),{file:/Users/curtiscooley/workspace/recteamcaptain/}root/*:playForkConfig,Set(LiveClient(play-fork-run a1192812-a37e-42f1-b3cf-c21a9fe86f94)),sbt.server.WorkCancellationStatus$$anon$1@1f920966)))))
Sending msg to client play-fork-run-a1192812-a37e-42f1-b3cf-c21a9fe86f94: TaskStarted(31,3755,None)
Sending msg to client play-fork-run-a1192812-a37e-42f1-b3cf-c21a9fe86f94: TaskStarted(31,3756,Some(AttributeKey[scala.collection.Seq[java.lang.String]]("javaOptions") in Scope(Global)))
Sending msg to client play-fork-run-a1192812-a37e-42f1-b3cf-c21a9fe86f94: TaskStarted(31,3761,None)
Sending msg to client play-fork-run-a1192812-a37e-42f1-b3cf-c21a9fe86f94: TaskStarted(31,3765,None)
Sending msg to client play-fork-run-a1192812-a37e-42f1-b3cf-c21a9fe86f94: TaskStarted(31,3771,None)
Sending msg to client play-fork-run-a1192812-a37e-42f1-b3cf-c21a9fe86f94: TaskStarted(31,3772,Some(AttributeKey[java.lang.String]("updateCacheName") in Scope(Build: file:/Users/curtiscooley/workspace/recteamcaptain/, , Project: ProjectReference(file:/Users/curtiscooley/workspace/recteamcaptain/,root))))
Sending msg to client play-fork-run-a1192812-a37e-42f1-b3cf-c21a9fe86f94: TaskStarted(31,3776,Some(AttributeKey[scala.collection.Seq[sbt.Credentials]]("credentials") in Scope(Global)))
Sending msg to client play-fork-run-a1192812-a37e-42f1-b3cf-c21a9fe86f94: TaskStarted(31,3781,Some(AttributeKey[scala.collection.Seq[sbt.Resolver]]("externalResolvers") in Scope(Build: file:/Users/curtiscooley/workspace/recteamcaptain/, , Project: ProjectReference(file:/Users/curtiscooley/workspace/recteamcaptain/,root))))
Sending msg to client play-fork-run-a1192812-a37e-42f1-b3cf-c21a9fe86f94: TaskStarted(31,3782,Some(AttributeKey[scala.Option[scala.collection.Seq[sbt.Resolver]]]("bootResolvers") in Scope(Build: file:/Users/curtiscooley/workspace/recteamcaptain/, , Project: ProjectReference(file:/Users/curtiscooley/workspace/recteamcaptain/,root))))
Sending msg to client play-fork-run-a1192812-a37e-42f1-b3cf-c21a9fe86f94: TaskStarted(31,3790,None)
Sending msg to client play-fork-run-a1192812-a37e-42f1-b3cf-c21a9fe86f94: TaskStarted(31,3791,None)
Sending msg to client play-fork-run-a1192812-a37e-42f1-b3cf-c21a9fe86f94: TaskStarted(31,3793,None)
Sending msg to client play-fork-run-a1192812-a37e-42f1-b3cf-c21a9fe86f94: TaskStarted(31,3795,Some(AttributeKey[boolean]("skip") in Scope(Global)))
Sending msg to client play-fork-run-a1192812-a37e-42f1-b3cf-c21a9fe86f94: TaskStarted(31,3802,None)
Sending msg to client play-fork-run-a1192812-a37e-42f1-b3cf-c21a9fe86f94: TaskStarted(31,3806,Some(AttributeKey[scala.Option[java.lang.String]]("mainClass") in Scope(Build: file:/Users/curtiscooley/workspace/recteamcaptain/, , Project: ProjectReference(file:/Users/curtiscooley/workspace/recteamcaptain/,root), Config: compile, Task: AttributeKey[void]("run"))))
Sending msg to client play-fork-run-a1192812-a37e-42f1-b3cf-c21a9fe86f94: TaskStarted(31,3808,None)
Sending msg to client play-fork-run-a1192812-a37e-42f1-b3cf-c21a9fe86f94: TaskStarted(31,3810,Some(AttributeKey[scala.Tuple2[java.lang.String,java.io.File]]("playPrefixAndAssets") in Scope(Build: file:/Users/curtiscooley/workspace/recteamcaptain/, , Project: ProjectReference(file:/Users/curtiscooley/workspace/recteamcaptain/,root))))
Sending msg to client play-fork-run-a1192812-a37e-42f1-b3cf-c21a9fe86f94: TaskFinished(31,3755,None,true,None)
Sending msg to client play-fork-run-a1192812-a37e-42f1-b3cf-c21a9fe86f94: TaskFinished(31,3756,Some(AttributeKey[scala.collection.Seq[java.lang.String]]("javaOptions") in Scope(Global)),true,None)
Sending msg to client play-fork-run-a1192812-a37e-42f1-b3cf-c21a9fe86f94: TaskStarted(31,3754,Some(AttributeKey[scala.collection.Seq[java.lang.String]]("javaOptions") in Scope(Build: file:/Users/curtiscooley/workspace/recteamcaptain/, )))
Sending msg to client play-fork-run-a1192812-a37e-42f1-b3cf-c21a9fe86f94: TaskFinished(31,3761,None,true,None)
Sending msg to client play-fork-run-a1192812-a37e-42f1-b3cf-c21a9fe86f94: TaskStarted(31,3760,None)
Sending msg to client play-fork-run-a1192812-a37e-42f1-b3cf-c21a9fe86f94: TaskStarted(31,3767,None)
Sending msg to client play-fork-run-a1192812-a37e-42f1-b3cf-c21a9fe86f94: TaskStarted(31,3777,None)
Sending msg to client play-fork-run-a1192812-a37e-42f1-b3cf-c21a9fe86f94: TaskStarted(31,3779,None)
Sending msg to client play-fork-run-a1192812-a37e-42f1-b3cf-c21a9fe86f94: TaskStarted(31,3785,None)
Sending msg to client play-fork-run-a1192812-a37e-42f1-b3cf-c21a9fe86f94: TaskStarted(31,3794,None)
Sending msg to client play-fork-run-a1192812-a37e-42f1-b3cf-c21a9fe86f94: TaskStarted(31,3798,None)
Sending msg to client play-fork-run-a1192812-a37e-42f1-b3cf-c21a9fe86f94: TaskStarted(31,3803,None)
Sending msg to client play-fork-run-a1192812-a37e-42f1-b3cf-c21a9fe86f94: TaskFinished(31,3781,Some(AttributeKey[scala.collection.Seq[sbt.Resolver]]("externalResolvers") in Scope(Build: file:/Users/curtiscooley/workspace/recteamcaptain/, , Project: ProjectReference(file:/Users/curtiscooley/workspace/recteamcaptain/,root))),true,None)
Sending msg to client play-fork-run-a1192812-a37e-42f1-b3cf-c21a9fe86f94: TaskFinished(31,3782,Some(AttributeKey[scala.Option[scala.collection.Seq[sbt.Resolver]]]("bootResolvers") in Scope(Build: file:/Users/curtiscooley/workspace/recteamcaptain/, , Project: ProjectReference(file:/Users/curtiscooley/workspace/recteamcaptain/,root))),true,None)
Sending msg to client play-fork-run-a1192812-a37e-42f1-b3cf-c21a9fe86f94: TaskFinished(31,3771,None,true,None)
Sending msg to client play-fork-run-a1192812-a37e-42f1-b3cf-c21a9fe86f94: TaskFinished(31,3765,None,true,None)
Sending msg to client play-fork-run-a1192812-a37e-42f1-b3cf-c21a9fe86f94: TaskStarted(31,3764,Some(AttributeKey[sbt.BuildStructure]("buildStructure") in Scope(Global)))
Sending msg to client play-fork-run-a1192812-a37e-42f1-b3cf-c21a9fe86f94: TaskStarted(31,3773,Some(AttributeKey[java.io.File]("dependencyCacheDirectory") in Scope(Build: file:/Users/curtiscooley/workspace/recteamcaptain/, , Project: ProjectReference(file:/Users/curtiscooley/workspace/recteamcaptain/,root))))
Sending msg to client play-fork-run-a1192812-a37e-42f1-b3cf-c21a9fe86f94: TaskFinished(31,3776,Some(AttributeKey[scala.collection.Seq[sbt.Credentials]]("credentials") in Scope(Global)),true,None)
Sending msg to client play-fork-run-a1192812-a37e-42f1-b3cf-c21a9fe86f94: TaskFinished(31,3772,Some(AttributeKey[java.lang.String]("updateCacheName") in Scope(Build: file:/Users/curtiscooley/workspace/recteamcaptain/, , Project: ProjectReference(file:/Users/curtiscooley/workspace/recteamcaptain/,root))),true,None)
Sending msg to client play-fork-run-a1192812-a37e-42f1-b3cf-c21a9fe86f94: TaskFinished(31,3790,None,true,None)
Sending msg to client play-fork-run-a1192812-a37e-42f1-b3cf-c21a9fe86f94: TaskFinished(31,3791,None,true,None)
Sending msg to client play-fork-run-a1192812-a37e-42f1-b3cf-c21a9fe86f94: TaskStarted(31,3789,Some(AttributeKey[scala.collection.Seq[sbt.UpdateReport]]("transitiveUpdate") in Scope(Build: file:/Users/curtiscooley/workspace/recteamcaptain/, , Project: ProjectReference(file:/Users/curtiscooley/workspace/recteamcaptain/,root))))
Sending msg to client play-fork-run-a1192812-a37e-42f1-b3cf-c21a9fe86f94: TaskFinished(31,3793,None,true,None)
Sending msg to client play-fork-run-a1192812-a37e-42f1-b3cf-c21a9fe86f94: TaskFinished(31,3795,Some(AttributeKey[boolean]("skip") in Scope(Global)),true,None)
Sending msg to client play-fork-run-a1192812-a37e-42f1-b3cf-c21a9fe86f94: TaskFinished(31,3802,None,true,None)
Sending msg to client play-fork-run-a1192812-a37e-42f1-b3cf-c21a9fe86f94: TaskFinished(31,3806,Some(AttributeKey[scala.Option[java.lang.String]]("mainClass") in Scope(Build: file:/Users/curtiscooley/workspace/recteamcaptain/, , Project: ProjectReference(file:/Users/curtiscooley/workspace/recteamcaptain/,root), Config: compile, Task: AttributeKey[void]("run"))),true,None)
Sending msg to client play-fork-run-a1192812-a37e-42f1-b3cf-c21a9fe86f94: TaskFinished(31,3808,None,true,None)
Sending msg to client play-fork-run-a1192812-a37e-42f1-b3cf-c21a9fe86f94: TaskFinished(31,3810,Some(AttributeKey[scala.Tuple2[java.lang.String,java.io.File]]("playPrefixAndAssets") in Scope(Build: file:/Users/curtiscooley/workspace/recteamcaptain/, , Project: ProjectReference(file:/Users/curtiscooley/workspace/recteamcaptain/,root))),true,None)
Sending msg to client play-fork-run-a1192812-a37e-42f1-b3cf-c21a9fe86f94: TaskStarted(31,3809,Some(AttributeKey[scala.collection.Seq[scala.Tuple2[java.lang.String,java.io.File]]]("playAllAssets") in Scope(Build: file:/Users/curtiscooley/workspace/recteamcaptain/, , Project: ProjectReference(file:/Users/curtiscooley/workspace/recteamcaptain/,root))))
Sending msg to client play-fork-run-a1192812-a37e-42f1-b3cf-c21a9fe86f94: TaskFinished(31,3754,Some(AttributeKey[scala.collection.Seq[java.lang.String]]("javaOptions") in Scope(Build: file:/Users/curtiscooley/workspace/recteamcaptain/, )),true,None)
Sending msg to client play-fork-run-a1192812-a37e-42f1-b3cf-c21a9fe86f94: TaskFinished(31,3760,None,true,None)
Sending msg to client play-fork-run-a1192812-a37e-42f1-b3cf-c21a9fe86f94: TaskFinished(31,3779,None,true,None)
Sending msg to client play-fork-run-a1192812-a37e-42f1-b3cf-c21a9fe86f94: TaskFinished(31,3767,None,true,None)
Sending msg to client play-fork-run-a1192812-a37e-42f1-b3cf-c21a9fe86f94: TaskFinished(31,3777,None,true,None)
Sending msg to client play-fork-run-a1192812-a37e-42f1-b3cf-c21a9fe86f94: TaskFinished(31,3785,None,true,None)
Sending msg to client play-fork-run-a1192812-a37e-42f1-b3cf-c21a9fe86f94: TaskFinished(31,3794,None,true,None)
Sending msg to client play-fork-run-a1192812-a37e-42f1-b3cf-c21a9fe86f94: TaskFinished(31,3798,None,true,None)
Sending msg to client play-fork-run-a1192812-a37e-42f1-b3cf-c21a9fe86f94: TaskStarted(31,3797,Some(AttributeKey[scala.collection.immutable.Map[sbt.ModuleID,sbt.SourcePosition]]("dependencyPositions") in Scope(Build: file:/Users/curtiscooley/workspace/recteamcaptain/, , Project: ProjectReference(file:/Users/curtiscooley/workspace/recteamcaptain/,root))))
Sending msg to client play-fork-run-a1192812-a37e-42f1-b3cf-c21a9fe86f94: TaskFinished(31,3803,None,true,None)
Sending msg to client play-fork-run-a1192812-a37e-42f1-b3cf-c21a9fe86f94: TaskFinished(31,3764,Some(AttributeKey[sbt.BuildStructure]("buildStructure") in Scope(Global)),true,None)
Sending msg to client play-fork-run-a1192812-a37e-42f1-b3cf-c21a9fe86f94: TaskStarted(31,3763,Some(AttributeKey[sbt.Settings[sbt.Scope]]("settingsData") in Scope(Global)))
Sending msg to client play-fork-run-a1192812-a37e-42f1-b3cf-c21a9fe86f94: TaskFinished(31,3773,Some(AttributeKey[java.io.File]("dependencyCacheDirectory") in Scope(Build: file:/Users/curtiscooley/workspace/recteamcaptain/, , Project: ProjectReference(file:/Users/curtiscooley/workspace/recteamcaptain/,root))),true,None)
Sending msg to client play-fork-run-a1192812-a37e-42f1-b3cf-c21a9fe86f94: TaskFinished(31,3789,Some(AttributeKey[scala.collection.Seq[sbt.UpdateReport]]("transitiveUpdate") in Scope(Build: file:/Users/curtiscooley/workspace/recteamcaptain/, , Project: ProjectReference(file:/Users/curtiscooley/workspace/recteamcaptain/,root))),true,None)
Sending msg to client play-fork-run-a1192812-a37e-42f1-b3cf-c21a9fe86f94: TaskFinished(31,3809,Some(AttributeKey[scala.collection.Seq[scala.Tuple2[java.lang.String,java.io.File]]]("playAllAssets") in Scope(Build: file:/Users/curtiscooley/workspace/recteamcaptain/, , Project: ProjectReference(file:/Users/curtiscooley/workspace/recteamcaptain/,root))),true,None)
Sending msg to client play-fork-run-a1192812-a37e-42f1-b3cf-c21a9fe86f94: TaskFinished(31,3797,Some(AttributeKey[scala.collection.immutable.Map[sbt.ModuleID,sbt.SourcePosition]]("dependencyPositions") in Scope(Build: file:/Users/curtiscooley/workspace/recteamcaptain/, , Project: ProjectReference(file:/Users/curtiscooley/workspace/recteamcaptain/,root))),true,None)
Sending msg to client play-fork-run-a1192812-a37e-42f1-b3cf-c21a9fe86f94: TaskStarted(31,3796,Some(AttributeKey[sbt.UnresolvedWarningConfiguration]("unresolvedWarningConfiguration") in Scope(Build: file:/Users/curtiscooley/workspace/recteamcaptain/, , Project: ProjectReference(file:/Users/curtiscooley/workspace/recteamcaptain/,root), Task: AttributeKey[sbt.UpdateReport]("update"))))
Sending msg to client play-fork-run-a1192812-a37e-42f1-b3cf-c21a9fe86f94: TaskFinished(31,3763,Some(AttributeKey[sbt.Settings[sbt.Scope]]("settingsData") in Scope(Global)),true,None)
Sending msg to client play-fork-run-a1192812-a37e-42f1-b3cf-c21a9fe86f94: TaskStarted(31,3762,None)
Sending msg to client play-fork-run-a1192812-a37e-42f1-b3cf-c21a9fe86f94: TaskStarted(31,3784,Some(AttributeKey[scala.collection.immutable.Map[org.apache.ivy.core.module.id.ModuleRevisionId,org.apache.ivy.core.module.descriptor.ModuleDescriptor]]("projectDescriptors") in Scope(Build: file:/Users/curtiscooley/workspace/recteamcaptain/, , Project: ProjectReference(file:/Users/curtiscooley/workspace/recteamcaptain/,root))))
Sending msg to client play-fork-run-a1192812-a37e-42f1-b3cf-c21a9fe86f94: TaskStarted(31,3788,Some(AttributeKey[scala.collection.Seq[sbt.ModuleID]]("projectDependencies") in Scope(Build: file:/Users/curtiscooley/workspace/recteamcaptain/, , Project: ProjectReference(file:/Users/curtiscooley/workspace/recteamcaptain/,root))))
Sending msg to client play-fork-run-a1192812-a37e-42f1-b3cf-c21a9fe86f94: TaskStarted(31,3792,None)
Sending msg to client play-fork-run-a1192812-a37e-42f1-b3cf-c21a9fe86f94: TaskStarted(31,3807,Some(AttributeKey[scala.collection.Seq[java.io.File]]("playMonitoredFiles") in Scope(Build: file:/Users/curtiscooley/workspace/recteamcaptain/, , Project: ProjectReference(file:/Users/curtiscooley/workspace/recteamcaptain/,root))))
Sending msg to client play-fork-run-a1192812-a37e-42f1-b3cf-c21a9fe86f94: TaskFinished(31,3796,Some(AttributeKey[sbt.UnresolvedWarningConfiguration]("unresolvedWarningConfiguration") in Scope(Build: file:/Users/curtiscooley/workspace/recteamcaptain/, , Project: ProjectReference(file:/Users/curtiscooley/workspace/recteamcaptain/,root), Task: AttributeKey[sbt.UpdateReport]("update"))),true,None)
Sending msg to client play-fork-run-a1192812-a37e-42f1-b3cf-c21a9fe86f94: TaskStarted(31,3814,None)
Sending msg to client play-fork-run-a1192812-a37e-42f1-b3cf-c21a9fe86f94: TaskStarted(31,3815,None)
Sending msg to client play-fork-run-a1192812-a37e-42f1-b3cf-c21a9fe86f94: TaskStarted(31,3818,None)
Sending msg to client play-fork-run-a1192812-a37e-42f1-b3cf-c21a9fe86f94: TaskStarted(31,3820,None)
Sending msg to client play-fork-run-a1192812-a37e-42f1-b3cf-c21a9fe86f94: TaskStarted(31,3821,None)
Sending msg to client play-fork-run-a1192812-a37e-42f1-b3cf-c21a9fe86f94: TaskStarted(31,3823,None)
Sending msg to client play-fork-run-a1192812-a37e-42f1-b3cf-c21a9fe86f94: TaskFinished(31,3788,Some(AttributeKey[scala.collection.Seq[sbt.ModuleID]]("projectDependencies") in Scope(Build: file:/Users/curtiscooley/workspace/recteamcaptain/, , Project: ProjectReference(file:/Users/curtiscooley/workspace/recteamcaptain/,root))),true,None)
Sending msg to client play-fork-run-a1192812-a37e-42f1-b3cf-c21a9fe86f94: TaskStarted(31,3787,Some(AttributeKey[scala.collection.Seq[sbt.ModuleID]]("allDependencies") in Scope(Build: file:/Users/curtiscooley/workspace/recteamcaptain/, , Project: ProjectReference(file:/Users/curtiscooley/workspace/recteamcaptain/,root))))
Sending msg to client play-fork-run-a1192812-a37e-42f1-b3cf-c21a9fe86f94: TaskStarted(31,3824,None)
Sending msg to client play-fork-run-a1192812-a37e-42f1-b3cf-c21a9fe86f94: TaskFinished(31,3823,None,true,None)
Sending msg to client play-fork-run-a1192812-a37e-42f1-b3cf-c21a9fe86f94: TaskStarted(31,3822,None)
Sending msg to client play-fork-run-a1192812-a37e-42f1-b3cf-c21a9fe86f94: TaskFinished(31,3821,None,true,None)
Sending msg to client play-fork-run-a1192812-a37e-42f1-b3cf-c21a9fe86f94: TaskFinished(31,3820,None,true,None)
Sending msg to client play-fork-run-a1192812-a37e-42f1-b3cf-c21a9fe86f94: TaskStarted(31,3819,Some(AttributeKey[scala.collection.Seq[sbt.Attributed[java.io.File]]]("unmanagedJars") in Scope(Build: file:/Users/curtiscooley/workspace/recteamcaptain/, , Project: ProjectReference(file:/Users/curtiscooley/workspace/recteamcaptain/,root), Config: compile)))
Sending msg to client play-fork-run-a1192812-a37e-42f1-b3cf-c21a9fe86f94: TaskFinished(31,3818,None,true,None)
Sending msg to client play-fork-run-a1192812-a37e-42f1-b3cf-c21a9fe86f94: TaskStarted(31,3817,None)
Sending msg to client play-fork-run-a1192812-a37e-42f1-b3cf-c21a9fe86f94: TaskFinished(31,3815,None,true,None)
Sending msg to client play-fork-run-a1192812-a37e-42f1-b3cf-c21a9fe86f94: TaskFinished(31,3814,None,true,None)
Sending msg to client play-fork-run-a1192812-a37e-42f1-b3cf-c21a9fe86f94: TaskStarted(31,3813,Some(AttributeKey[scala.collection.Seq[sbt.Attributed[java.io.File]]]("unmanagedJars") in Scope(Build: file:/Users/curtiscooley/workspace/recteamcaptain/, , Project: ProjectReference(file:/Users/curtiscooley/workspace/recteamcaptain/,root), Config: runtime)))
Sending msg to client play-fork-run-a1192812-a37e-42f1-b3cf-c21a9fe86f94: TaskFinished(31,3787,Some(AttributeKey[scala.collection.Seq[sbt.ModuleID]]("allDependencies") in Scope(Build: file:/Users/curtiscooley/workspace/recteamcaptain/, , Project: ProjectReference(file:/Users/curtiscooley/workspace/recteamcaptain/,root))),true,None)
Sending msg to client play-fork-run-a1192812-a37e-42f1-b3cf-c21a9fe86f94: TaskStarted(31,3786,Some(AttributeKey[sbt.ModuleSettings]("moduleSettings") in Scope(Build: file:/Users/curtiscooley/workspace/recteamcaptain/, , Project: ProjectReference(file:/Users/curtiscooley/workspace/recteamcaptain/,root))))
Sending msg to client play-fork-run-a1192812-a37e-42f1-b3cf-c21a9fe86f94: TaskFinished(31,3824,None,true,None)
Sending msg to client play-fork-run-a1192812-a37e-42f1-b3cf-c21a9fe86f94: TaskFinished(31,3792,None,true,None)
Sending msg to client play-fork-run-a1192812-a37e-42f1-b3cf-c21a9fe86f94: TaskFinished(31,3822,None,true,None)
Sending msg to client play-fork-run-a1192812-a37e-42f1-b3cf-c21a9fe86f94: TaskFinished(31,3784,Some(AttributeKey[scala.collection.immutable.Map[org.apache.ivy.core.module.id.ModuleRevisionId,org.apache.ivy.core.module.descriptor.ModuleDescriptor]]("projectDescriptors") in Scope(Build: file:/Users/curtiscooley/workspace/recteamcaptain/, , Project: ProjectReference(file:/Users/curtiscooley/workspace/recteamcaptain/,root))),true,None)
Sending msg to client play-fork-run-a1192812-a37e-42f1-b3cf-c21a9fe86f94: TaskStarted(31,3783,Some(AttributeKey[sbt.Resolver]("projectResolver") in Scope(Build: file:/Users/curtiscooley/workspace/recteamcaptain/, , Project: ProjectReference(file:/Users/curtiscooley/workspace/recteamcaptain/,root))))
Sending msg to client play-fork-run-a1192812-a37e-42f1-b3cf-c21a9fe86f94: TaskFinished(31,3819,Some(AttributeKey[scala.collection.Seq[sbt.Attributed[java.io.File]]]("unmanagedJars") in Scope(Build: file:/Users/curtiscooley/workspace/recteamcaptain/, , Project: ProjectReference(file:/Users/curtiscooley/workspace/recteamcaptain/,root), Config: compile)),true,None)
Sending msg to client play-fork-run-a1192812-a37e-42f1-b3cf-c21a9fe86f94: TaskStarted(31,3825,None)
Sending msg to client play-fork-run-a1192812-a37e-42f1-b3cf-c21a9fe86f94: TaskFinished(31,3813,Some(AttributeKey[scala.collection.Seq[sbt.Attributed[java.io.File]]]("unmanagedJars") in Scope(Build: file:/Users/curtiscooley/workspace/recteamcaptain/, , Project: ProjectReference(file:/Users/curtiscooley/workspace/recteamcaptain/,root), Config: runtime)),true,None)
Sending msg to client play-fork-run-a1192812-a37e-42f1-b3cf-c21a9fe86f94: TaskStarted(31,3826,None)
Sending msg to client play-fork-run-a1192812-a37e-42f1-b3cf-c21a9fe86f94: TaskFinished(31,3786,Some(AttributeKey[sbt.ModuleSettings]("moduleSettings") in Scope(Build: file:/Users/curtiscooley/workspace/recteamcaptain/, , Project: ProjectReference(file:/Users/curtiscooley/workspace/recteamcaptain/,root))),true,None)
Sending msg to client play-fork-run-a1192812-a37e-42f1-b3cf-c21a9fe86f94: TaskFinished(31,3783,Some(AttributeKey[sbt.Resolver]("projectResolver") in Scope(Build: file:/Users/curtiscooley/workspace/recteamcaptain/, , Project: ProjectReference(file:/Users/curtiscooley/workspace/recteamcaptain/,root))),true,None)
Sending msg to client play-fork-run-a1192812-a37e-42f1-b3cf-c21a9fe86f94: TaskStarted(31,3780,Some(AttributeKey[scala.collection.Seq[sbt.Resolver]]("fullResolvers") in Scope(Build: file:/Users/curtiscooley/workspace/recteamcaptain/, , Project: ProjectReference(file:/Users/curtiscooley/workspace/recteamcaptain/,root))))
Sending msg to client play-fork-run-a1192812-a37e-42f1-b3cf-c21a9fe86f94: TaskFinished(31,3825,None,true,None)
Sending msg to client play-fork-run-a1192812-a37e-42f1-b3cf-c21a9fe86f94: TaskFinished(31,3817,None,true,None)
Sending msg to client play-fork-run-a1192812-a37e-42f1-b3cf-c21a9fe86f94: TaskStarted(31,3816,Some(AttributeKey[scala.collection.Seq[sbt.Attributed[java.io.File]]]("unmanagedJars") in Scope(Build: file:/Users/curtiscooley/workspace/recteamcaptain/, , Project: ProjectReference(file:/Users/curtiscooley/workspace/recteamcaptain/,root), Config: compile)))
Sending msg to client play-fork-run-a1192812-a37e-42f1-b3cf-c21a9fe86f94: TaskFinished(31,3780,Some(AttributeKey[scala.collection.Seq[sbt.Resolver]]("fullResolvers") in Scope(Build: file:/Users/curtiscooley/workspace/recteamcaptain/, , Project: ProjectReference(file:/Users/curtiscooley/workspace/recteamcaptain/,root))),true,None)
Sending msg to client play-fork-run-a1192812-a37e-42f1-b3cf-c21a9fe86f94: TaskStarted(31,3778,Some(AttributeKey[sbt.IvyConfiguration]("ivyConfiguration") in Scope(Build: file:/Users/curtiscooley/workspace/recteamcaptain/, , Project: ProjectReference(file:/Users/curtiscooley/workspace/recteamcaptain/,root))))
Sending msg to client play-fork-run-a1192812-a37e-42f1-b3cf-c21a9fe86f94: TaskFinished(31,3816,Some(AttributeKey[scala.collection.Seq[sbt.Attributed[java.io.File]]]("unmanagedJars") in Scope(Build: file:/Users/curtiscooley/workspace/recteamcaptain/, , Project: ProjectReference(file:/Users/curtiscooley/workspace/recteamcaptain/,root), Config: compile)),true,None)
Sending msg to client play-fork-run-a1192812-a37e-42f1-b3cf-c21a9fe86f94: TaskStarted(31,3812,None)
Sending msg to client play-fork-run-a1192812-a37e-42f1-b3cf-c21a9fe86f94: TaskFinished(31,3778,Some(AttributeKey[sbt.IvyConfiguration]("ivyConfiguration") in Scope(Build: file:/Users/curtiscooley/workspace/recteamcaptain/, , Project: ProjectReference(file:/Users/curtiscooley/workspace/recteamcaptain/,root))),true,None)
Sending msg to client play-fork-run-a1192812-a37e-42f1-b3cf-c21a9fe86f94: TaskStarted(31,3775,Some(AttributeKey[sbt.IvySbt]("ivySbt") in Scope(Build: file:/Users/curtiscooley/workspace/recteamcaptain/, , Project: ProjectReference(file:/Users/curtiscooley/workspace/recteamcaptain/,root))))
Sending msg to client play-fork-run-a1192812-a37e-42f1-b3cf-c21a9fe86f94: TaskFinished(31,3812,None,true,None)
Sending msg to client play-fork-run-a1192812-a37e-42f1-b3cf-c21a9fe86f94: TaskStarted(31,3811,None)
Sending msg to client play-fork-run-a1192812-a37e-42f1-b3cf-c21a9fe86f94: TaskFinished(31,3775,Some(AttributeKey[sbt.IvySbt]("ivySbt") in Scope(Build: file:/Users/curtiscooley/workspace/recteamcaptain/, , Project: ProjectReference(file:/Users/curtiscooley/workspace/recteamcaptain/,root))),true,None)
Sending msg to client play-fork-run-a1192812-a37e-42f1-b3cf-c21a9fe86f94: TaskStarted(31,3774,Some(AttributeKey[sbt.IvySbt$Module]("ivyModule") in Scope(Build: file:/Users/curtiscooley/workspace/recteamcaptain/, , Project: ProjectReference(file:/Users/curtiscooley/workspace/recteamcaptain/,root))))
Sending msg to client play-fork-run-a1192812-a37e-42f1-b3cf-c21a9fe86f94: TaskFinished(31,3811,None,true,None)
Sending msg to client play-fork-run-a1192812-a37e-42f1-b3cf-c21a9fe86f94: TaskFinished(31,3762,None,true,None)
Sending msg to client play-fork-run-a1192812-a37e-42f1-b3cf-c21a9fe86f94: TaskStarted(31,3759,Some(AttributeKey[scala.collection.Seq[sbt.Attributed[java.io.File]]]("unmanagedClasspath") in Scope(Build: file:/Users/curtiscooley/workspace/recteamcaptain/, , Project: ProjectReference(file:/Users/curtiscooley/workspace/recteamcaptain/,root), Config: runtime)))
Sending msg to client play-fork-run-a1192812-a37e-42f1-b3cf-c21a9fe86f94: TaskFinished(31,3826,None,true,None)
Sending msg to client play-fork-run-a1192812-a37e-42f1-b3cf-c21a9fe86f94: TaskFinished(31,3807,Some(AttributeKey[scala.collection.Seq[java.io.File]]("playMonitoredFiles") in Scope(Build: file:/Users/curtiscooley/workspace/recteamcaptain/, , Project: ProjectReference(file:/Users/curtiscooley/workspace/recteamcaptain/,root))),true,None)
Sending msg to client play-fork-run-a1192812-a37e-42f1-b3cf-c21a9fe86f94: TaskFinished(31,3759,Some(AttributeKey[scala.collection.Seq[sbt.Attributed[java.io.File]]]("unmanagedClasspath") in Scope(Build: file:/Users/curtiscooley/workspace/recteamcaptain/, , Project: ProjectReference(file:/Users/curtiscooley/workspace/recteamcaptain/,root), Config: runtime)),true,None)
Sending msg to client play-fork-run-a1192812-a37e-42f1-b3cf-c21a9fe86f94: TaskFinished(31,3774,Some(AttributeKey[sbt.IvySbt$Module]("ivyModule") in Scope(Build: file:/Users/curtiscooley/workspace/recteamcaptain/, , Project: ProjectReference(file:/Users/curtiscooley/workspace/recteamcaptain/,root))),true,None)
Sending msg to client play-fork-run-a1192812-a37e-42f1-b3cf-c21a9fe86f94: TaskStarted(31,3770,Some(AttributeKey[sbt.UpdateReport]("update") in Scope(Build: file:/Users/curtiscooley/workspace/recteamcaptain/, , Project: ProjectReference(file:/Users/curtiscooley/workspace/recteamcaptain/,root))))
Sending msg to client play-fork-run-a1192812-a37e-42f1-b3cf-c21a9fe86f94: TaskFinished(31,3770,Some(AttributeKey[sbt.UpdateReport]("update") in Scope(Build: file:/Users/curtiscooley/workspace/recteamcaptain/, , Project: ProjectReference(file:/Users/curtiscooley/workspace/recteamcaptain/,root))),true,None)
Sending msg to client play-fork-run-a1192812-a37e-42f1-b3cf-c21a9fe86f94: TaskStarted(31,3769,Some(AttributeKey[sbt.UpdateReport]("update") in Scope(Build: file:/Users/curtiscooley/workspace/recteamcaptain/, , Project: ProjectReference(file:/Users/curtiscooley/workspace/recteamcaptain/,root))))
Sending msg to client play-fork-run-a1192812-a37e-42f1-b3cf-c21a9fe86f94: TaskFinished(31,3769,Some(AttributeKey[sbt.UpdateReport]("update") in Scope(Build: file:/Users/curtiscooley/workspace/recteamcaptain/, , Project: ProjectReference(file:/Users/curtiscooley/workspace/recteamcaptain/,root))),true,None)
Sending msg to client play-fork-run-a1192812-a37e-42f1-b3cf-c21a9fe86f94: TaskStarted(31,3801,Some(AttributeKey[sbt.Configuration]("classpathConfiguration") in Scope(Build: file:/Users/curtiscooley/workspace/recteamcaptain/, , Project: ProjectReference(file:/Users/curtiscooley/workspace/recteamcaptain/,root), Config: compile)))
Sending msg to client play-fork-run-a1192812-a37e-42f1-b3cf-c21a9fe86f94: TaskStarted(31,3805,Some(AttributeKey[scala.collection.Seq[sbt.Attributed[java.io.File]]]("managedClasspath") in Scope(Build: file:/Users/curtiscooley/workspace/recteamcaptain/, , Project: ProjectReference(file:/Users/curtiscooley/workspace/recteamcaptain/,root), Config: docs)))
Sending msg to client play-fork-run-a1192812-a37e-42f1-b3cf-c21a9fe86f94: TaskFinished(31,3801,Some(AttributeKey[sbt.Configuration]("classpathConfiguration") in Scope(Build: file:/Users/curtiscooley/workspace/recteamcaptain/, , Project: ProjectReference(file:/Users/curtiscooley/workspace/recteamcaptain/,root), Config: compile)),true,None)
Sending msg to client play-fork-run-a1192812-a37e-42f1-b3cf-c21a9fe86f94: TaskStarted(31,3800,None)
Sending msg to client play-fork-run-a1192812-a37e-42f1-b3cf-c21a9fe86f94: TaskFinished(31,3805,Some(AttributeKey[scala.collection.Seq[sbt.Attributed[java.io.File]]]("managedClasspath") in Scope(Build: file:/Users/curtiscooley/workspace/recteamcaptain/, , Project: ProjectReference(file:/Users/curtiscooley/workspace/recteamcaptain/,root), Config: docs)),true,None)
Sending msg to client play-fork-run-a1192812-a37e-42f1-b3cf-c21a9fe86f94: TaskStarted(31,3804,Some(AttributeKey[scala.Option[java.io.File]]("playDocsJar") in Scope(Build: file:/Users/curtiscooley/workspace/recteamcaptain/, , Project: ProjectReference(file:/Users/curtiscooley/workspace/recteamcaptain/,root))))
Sending msg to client play-fork-run-a1192812-a37e-42f1-b3cf-c21a9fe86f94: TaskFinished(31,3800,None,true,None)
Sending msg to client play-fork-run-a1192812-a37e-42f1-b3cf-c21a9fe86f94: TaskStarted(31,3799,Some(AttributeKey[sbt.Configuration]("classpathConfiguration") in Scope(Build: file:/Users/curtiscooley/workspace/recteamcaptain/, , Project: ProjectReference(file:/Users/curtiscooley/workspace/recteamcaptain/,root), Config: runtime)))
Sending msg to client play-fork-run-a1192812-a37e-42f1-b3cf-c21a9fe86f94: TaskFinished(31,3804,Some(AttributeKey[scala.Option[java.io.File]]("playDocsJar") in Scope(Build: file:/Users/curtiscooley/workspace/recteamcaptain/, , Project: ProjectReference(file:/Users/curtiscooley/workspace/recteamcaptain/,root))),true,None)
Sending msg to client play-fork-run-a1192812-a37e-42f1-b3cf-c21a9fe86f94: TaskFinished(31,3799,Some(AttributeKey[sbt.Configuration]("classpathConfiguration") in Scope(Build: file:/Users/curtiscooley/workspace/recteamcaptain/, , Project: ProjectReference(file:/Users/curtiscooley/workspace/recteamcaptain/,root), Config: runtime)),true,None)
Sending msg to client play-fork-run-a1192812-a37e-42f1-b3cf-c21a9fe86f94: TaskStarted(31,3768,None)
Sending msg to client play-fork-run-a1192812-a37e-42f1-b3cf-c21a9fe86f94: TaskFinished(31,3768,None,true,None)
Sending msg to client play-fork-run-a1192812-a37e-42f1-b3cf-c21a9fe86f94: TaskStarted(31,3766,Some(AttributeKey[scala.collection.Seq[sbt.Attributed[java.io.File]]]("managedClasspath") in Scope(Build: file:/Users/curtiscooley/workspace/recteamcaptain/, , Project: ProjectReference(file:/Users/curtiscooley/workspace/recteamcaptain/,root), Config: runtime)))
Sending msg to client play-fork-run-a1192812-a37e-42f1-b3cf-c21a9fe86f94: TaskFinished(31,3766,Some(AttributeKey[scala.collection.Seq[sbt.Attributed[java.io.File]]]("managedClasspath") in Scope(Build: file:/Users/curtiscooley/workspace/recteamcaptain/, , Project: ProjectReference(file:/Users/curtiscooley/workspace/recteamcaptain/,root), Config: runtime)),true,None)
Sending msg to client play-fork-run-a1192812-a37e-42f1-b3cf-c21a9fe86f94: TaskStarted(31,3758,None)
Sending msg to client play-fork-run-a1192812-a37e-42f1-b3cf-c21a9fe86f94: TaskFinished(31,3758,None,true,None)
Sending msg to client play-fork-run-a1192812-a37e-42f1-b3cf-c21a9fe86f94: TaskStarted(31,3757,Some(AttributeKey[scala.collection.Seq[sbt.Attributed[java.io.File]]]("playDependencyClasspath") in Scope(Build: file:/Users/curtiscooley/workspace/recteamcaptain/, , Project: ProjectReference(file:/Users/curtiscooley/workspace/recteamcaptain/,root))))
Sending msg to client play-fork-run-a1192812-a37e-42f1-b3cf-c21a9fe86f94: TaskFinished(31,3757,Some(AttributeKey[scala.collection.Seq[sbt.Attributed[java.io.File]]]("playDependencyClasspath") in Scope(Build: file:/Users/curtiscooley/workspace/recteamcaptain/, , Project: ProjectReference(file:/Users/curtiscooley/workspace/recteamcaptain/,root))),true,None)
Sending msg to client play-fork-run-a1192812-a37e-42f1-b3cf-c21a9fe86f94: TaskStarted(31,3753,Some(AttributeKey[play.forkrun.protocol.ForkConfig]("playForkConfig") in Scope(Build: file:/Users/curtiscooley/workspace/recteamcaptain/, , Project: ProjectReference(file:/Users/curtiscooley/workspace/recteamcaptain/,root))))
Sending msg to client play-fork-run-a1192812-a37e-42f1-b3cf-c21a9fe86f94: TaskFinished(31,3753,Some(AttributeKey[play.forkrun.protocol.ForkConfig]("playForkConfig") in Scope(Build: file:/Users/curtiscooley/workspace/recteamcaptain/, , Project: ProjectReference(file:/Users/curtiscooley/workspace/recteamcaptain/,root))),true,None)
Sending msg to client play-fork-run-a1192812-a37e-42f1-b3cf-c21a9fe86f94: ValueChanged(AttributeKey[play.forkrun.protocol.ForkConfig]("playForkConfig") in Scope(Build: file:/Users/curtiscooley/workspace/recteamcaptain/, , Project: ProjectReference(file:/Users/curtiscooley/workspace/recteamcaptain/,root)),TaskSuccess(BuildValue(LazyValue(ForkConfig(/Users/curtiscooley/workspace/recteamcaptain,List(-Djna.nosys=true),List(/Users/curtiscooley/.ivy2/cache/org.scala-lang/scala-library/jars/scala-library-2.11.7.jar, /Users/curtiscooley/.ivy2/cache/com.typesafe.play/twirl-api_2.11/jars/twirl-api_2.11-1.1.1.jar, /Users/curtiscooley/.ivy2/cache/org.apache.commons/commons-lang3/jars/commons-lang3-3.4.jar, /Users/curtiscooley/.ivy2/cache/org.scala-lang.modules/scala-xml_2.11/bundles/scala-xml_2.11-1.0.1.jar, /Users/curtiscooley/.ivy2/cache/com.typesafe.play/play-server_2.11/jars/play-server_2.11-2.5.10.jar, /Users/curtiscooley/.ivy2/cache/com.typesafe.play/play_2.11/jars/play_2.11-2.5.10.jar, /Users/curtiscooley/.ivy2/cache/com.typesafe.play/build-link/jars/build-link-2.5.10.jar, /Users/curtiscooley/.ivy2/cache/com.typesafe.play/play-exceptions/jars/play-exceptions-2.5.10.jar, /Users/curtiscooley/.ivy2/cache/com.typesafe.play/play-iteratees_2.11/jars/play-iteratees_2.11-2.5.10.jar, /Users/curtiscooley/.ivy2/cache/org.scala-stm/scala-stm_2.11/jars/scala-stm_2.11-0.7.jar, /Users/curtiscooley/.ivy2/cache/com.typesafe/config/bundles/config-1.3.0.jar, /Users/curtiscooley/.ivy2/cache/com.typesafe.play/play-json_2.11/jars/play-json_2.11-2.5.10.jar, /Users/curtiscooley/.ivy2/cache/com.typesafe.play/play-functional_2.11/jars/play-functional_2.11-2.5.10.jar, /Users/curtiscooley/.ivy2/cache/com.typesafe.play/play-datacommons_2.11/jars/play-datacommons_2.11-2.5.10.jar, /Users/curtiscooley/.ivy2/cache/joda-time/joda-time/jars/joda-time-2.9.6.jar, /Users/curtiscooley/.ivy2/cache/org.joda/joda-convert/jars/joda-convert-1.8.1.jar, /Users/curtiscooley/.ivy2/cache/org.scala-lang/scala-reflect/jars/scala-reflect-2.11.7.jar, /Users/curtiscooley/.ivy2/cache/com.fasterxml.jackson.core/jackson-core/bundles/jackson-core-2.7.8.jar, /Users/curtiscooley/.ivy2/cache/com.fasterxml.jackson.core/jackson-annotations/bundles/jackson-annotations-2.7.8.jar, /Users/curtiscooley/.ivy2/cache/com.fasterxml.jackson.core/jackson-databind/bundles/jackson-databind-2.7.8.jar, /Users/curtiscooley/.ivy2/cache/com.fasterxml.jackson.datatype/jackson-datatype-jdk8/bundles/jackson-datatype-jdk8-2.7.8.jar, /Users/curtiscooley/.ivy2/cache/com.fasterxml.jackson.datatype/jackson-datatype-jsr310/bundles/jackson-datatype-jsr310-2.7.8.jar, /Users/curtiscooley/.ivy2/cache/com.typesafe.play/play-netty-utils/jars/play-netty-utils-2.5.10.jar, /Users/curtiscooley/.ivy2/cache/org.slf4j/slf4j-api/jars/slf4j-api-1.7.21.jar, /Users/curtiscooley/.ivy2/cache/org.slf4j/jul-to-slf4j/jars/jul-to-slf4j-1.7.21.jar, /Users/curtiscooley/.ivy2/cache/org.slf4j/jcl-over-slf4j/jars/jcl-over-slf4j-1.7.21.jar, /Users/curtiscooley/.ivy2/cache/com.typesafe.play/play-streams_2.11/jars/play-streams_2.11-2.5.10.jar, /Users/curtiscooley/.ivy2/cache/org.reactivestreams/reactive-streams/jars/reactive-streams-1.0.0.jar, /Users/curtiscooley/.ivy2/cache/com.typesafe.akka/akka-stream_2.11/jars/akka-stream_2.11-2.4.12.jar, /Users/curtiscooley/.ivy2/cache/com.typesafe.akka/akka-actor_2.11/jars/akka-actor_2.11-2.4.12.jar, /Users/curtiscooley/.ivy2/cache/org.scala-lang.modules/scala-java8-compat_2.11/bundles/scala-java8-compat_2.11-0.7.0.jar, /Users/curtiscooley/.ivy2/cache/com.typesafe/ssl-config-core_2.11/bundles/ssl-config-core_2.11-0.2.1.jar, /Users/curtiscooley/.ivy2/cache/org.scala-lang.modules/scala-parser-combinators_2.11/bundles/scala-parser-combinators_2.11-1.0.4.jar, /Users/curtiscooley/.ivy2/cache/com.typesafe.akka/akka-slf4j_2.11/jars/akka-slf4j_2.11-2.4.12.jar, /Users/curtiscooley/.ivy2/cache/commons-codec/commons-codec/jars/commons-codec-1.10.jar, /Users/curtiscooley/.ivy2/cache/xerces/xercesImpl/jars/xercesImpl-2.11.0.jar, /Users/curtiscooley/.ivy2/cache/xml-apis/xml-apis/jars/xml-apis-1.4.01.jar, /Users/curtiscooley/.ivy2/cache/javax.transaction/jta/jars/jta-1.1.jar, /Users/curtiscooley/.ivy2/cache/com.google.inject/guice/jars/guice-4.0.jar, /Users/curtiscooley/.ivy2/cache/javax.inject/javax.inject/jars/javax.inject-1.jar, /Users/curtiscooley/.ivy2/cache/aopalliance/aopalliance/jars/aopalliance-1.0.jar, /Users/curtiscooley/.ivy2/cache/com.google.inject.extensions/guice-assistedinject/jars/guice-assistedinject-4.0.jar, /Users/curtiscooley/.ivy2/cache/com.typesafe.play/play-netty-server_2.11/jars/play-netty-server_2.11-2.5.10.jar, /Users/curtiscooley/.ivy2/cache/com.typesafe.netty/netty-reactive-streams-http/jars/netty-reactive-streams-http-1.0.8.jar, /Users/curtiscooley/.ivy2/cache/com.typesafe.netty/netty-reactive-streams/jars/netty-reactive-streams-1.0.8.jar, /Users/curtiscooley/.ivy2/cache/io.netty/netty-handler/jars/netty-handler-4.0.41.Final.jar, /Users/curtiscooley/.ivy2/cache/io.netty/netty-buffer/jars/netty-buffer-4.0.41.Final.jar, /Users/curtiscooley/.ivy2/cache/io.netty/netty-common/jars/netty-common-4.0.41.Final.jar, /Users/curtiscooley/.ivy2/cache/io.netty/netty-transport/jars/netty-transport-4.0.41.Final.jar, /Users/curtiscooley/.ivy2/cache/io.netty/netty-codec/jars/netty-codec-4.0.41.Final.jar, /Users/curtiscooley/.ivy2/cache/io.netty/netty-codec-http/jars/netty-codec-http-4.0.41.Final.jar, /Users/curtiscooley/.ivy2/cache/io.netty/netty-transport-native-epoll/jars/netty-transport-native-epoll-4.0.41.Final-linux-x86_64.jar, /Users/curtiscooley/.ivy2/cache/com.typesafe.play/play-logback_2.11/jars/play-logback_2.11-2.5.10.jar, /Users/curtiscooley/.ivy2/cache/ch.qos.logback/logback-classic/jars/logback-classic-1.1.7.jar, /Users/curtiscooley/.ivy2/cache/ch.qos.logback/logback-core/jars/logback-core-1.1.7.jar, /Users/curtiscooley/.ivy2/cache/com.typesafe.play/play-jdbc_2.11/jars/play-jdbc_2.11-2.5.10.jar, /Users/curtiscooley/.ivy2/cache/com.typesafe.play/play-jdbc-api_2.11/jars/play-jdbc-api_2.11-2.5.10.jar, /Users/curtiscooley/.ivy2/cache/com.jolbox/bonecp/bundles/bonecp-0.8.0.RELEASE.jar, /Users/curtiscooley/.ivy2/cache/com.zaxxer/HikariCP/bundles/HikariCP-2.5.1.jar, /Users/curtiscooley/.ivy2/cache/com.googlecode.usc/jdbcdslog/jars/jdbcdslog-1.0.6.2.jar, /Users/curtiscooley/.ivy2/cache/com.h2database/h2/jars/h2-1.4.192.jar, /Users/curtiscooley/.ivy2/cache/tyrex/tyrex/jars/tyrex-1.0.1.jar, /Users/curtiscooley/.ivy2/cache/com.typesafe.play/play-cache_2.11/jars/play-cache_2.11-2.5.10.jar, /Users/curtiscooley/.ivy2/cache/net.sf.ehcache/ehcache-core/jars/ehcache-core-2.6.11.jar, /Users/curtiscooley/.ivy2/cache/com.typesafe.play/play-ws_2.11/jars/play-ws_2.11-2.5.10.jar, /Users/curtiscooley/.ivy2/cache/com.google.guava/guava/bundles/guava-19.0.jar, /Users/curtiscooley/.ivy2/cache/org.asynchttpclient/async-http-client/jars/async-http-client-2.0.11.jar, /Users/curtiscooley/.ivy2/cache/org.asynchttpclient/netty-resolver-dns/jars/netty-resolver-dns-2.0.11.jar, /Users/curtiscooley/.ivy2/cache/org.asynchttpclient/netty-resolver/jars/netty-resolver-2.0.11.jar, /Users/curtiscooley/.ivy2/cache/org.asynchttpclient/netty-codec-dns/jars/netty-codec-dns-2.0.11.jar, /Users/curtiscooley/.ivy2/cache/org.javassist/javassist/bundles/javassist-3.20.0-GA.jar, /Users/curtiscooley/.ivy2/cache/oauth.signpost/signpost-core/jars/signpost-core-1.2.1.2.jar, /Users/curtiscooley/.ivy2/cache/oauth.signpost/signpost-commonshttp4/jars/signpost-commonshttp4-1.2.1.2.jar, /Users/curtiscooley/.ivy2/cache/org.apache.httpcomponents/httpcore/jars/httpcore-4.0.1.jar, /Users/curtiscooley/.ivy2/cache/org.apache.httpcomponents/httpclient/jars/httpclient-4.0.1.jar, /Users/curtiscooley/.ivy2/cache/commons-logging/commons-logging/jars/commons-logging-1.1.1.jar),List((public/,/Users/curtiscooley/workspace/recteamcaptain/target/web/public/main)),List(/Users/curtiscooley/.ivy2/cache/com.typesafe.play/play-omnidoc_2.11/jars/play-omnidoc_2.11-2.5.10.jar, /Users/curtiscooley/.ivy2/cache/org.scala-lang/scala-library/jars/scala-library-2.11.7.jar, /Users/curtiscooley/.ivy2/cache/com.typesafe.play/play-docs_2.11/jars/play-docs_2.11-2.5.10.jar, /Users/curtiscooley/.ivy2/cache/com.typesafe.play/play-netty-server_2.11/jars/play-netty-server_2.11-2.5.10.jar, /Users/curtiscooley/.ivy2/cache/com.typesafe.play/play-server_2.11/jars/play-server_2.11-2.5.10.jar, /Users/curtiscooley/.ivy2/cache/com.typesafe.play/play_2.11/jars/play_2.11-2.5.10.jar, /Users/curtiscooley/.ivy2/cache/com.typesafe.play/build-link/jars/build-link-2.5.10.jar, /Users/curtiscooley/.ivy2/cache/com.typesafe.play/play-exceptions/jars/play-exceptions-2.5.10.jar, /Users/curtiscooley/.ivy2/cache/com.typesafe.play/play-iteratees_2.11/jars/play-iteratees_2.11-2.5.10.jar, /Users/curtiscooley/.ivy2/cache/org.scala-stm/scala-stm_2.11/jars/scala-stm_2.11-0.7.jar, /Users/curtiscooley/.ivy2/cache/com.typesafe/config/bundles/config-1.3.0.jar, /Users/curtiscooley/.ivy2/cache/com.typesafe.play/play-json_2.11/jars/play-json_2.11-2.5.10.jar, /Users/curtiscooley/.ivy2/cache/com.typesafe.play/play-functional_2.11/jars/play-functional_2.11-2.5.10.jar, /Users/curtiscooley/.ivy2/cache/com.typesafe.play/play-datacommons_2.11/jars/play-datacommons_2.11-2.5.10.jar, /Users/curtiscooley/.ivy2/cache/joda-time/joda-time/jars/joda-time-2.9.6.jar, /Users/curtiscooley/.ivy2/cache/org.joda/joda-convert/jars/joda-convert-1.8.1.jar, /Users/curtiscooley/.ivy2/cache/org.scala-lang/scala-reflect/jars/scala-reflect-2.11.7.jar, /Users/curtiscooley/.ivy2/cache/com.fasterxml.jackson.core/jackson-core/bundles/jackson-core-2.7.8.jar, /Users/curtiscooley/.ivy2/cache/com.fasterxml.jackson.core/jackson-annotations/bundles/jackson-annotations-2.7.8.jar, /Users/curtiscooley/.ivy2/cache/com.fasterxml.jackson.core/jackson-databind/bundles/jackson-databind-2.7.8.jar, /Users/curtiscooley/.ivy2/cache/com.fasterxml.jackson.datatype/jackson-datatype-jdk8/bundles/jackson-datatype-jdk8-2.7.8.jar, /Users/curtiscooley/.ivy2/cache/com.fasterxml.jackson.datatype/jackson-datatype-jsr310/bundles/jackson-datatype-jsr310-2.7.8.jar, /Users/curtiscooley/.ivy2/cache/com.typesafe.play/play-netty-utils/jars/play-netty-utils-2.5.10.jar, /Users/curtiscooley/.ivy2/cache/org.slf4j/slf4j-api/jars/slf4j-api-1.7.21.jar, /Users/curtiscooley/.ivy2/cache/org.slf4j/jul-to-slf4j/jars/jul-to-slf4j-1.7.21.jar, /Users/curtiscooley/.ivy2/cache/org.slf4j/jcl-over-slf4j/jars/jcl-over-slf4j-1.7.21.jar, /Users/curtiscooley/.ivy2/cache/com.typesafe.play/play-streams_2.11/jars/play-streams_2.11-2.5.10.jar, /Users/curtiscooley/.ivy2/cache/org.reactivestreams/reactive-streams/jars/reactive-streams-1.0.0.jar, /Users/curtiscooley/.ivy2/cache/com.typesafe.akka/akka-stream_2.11/jars/akka-stream_2.11-2.4.12.jar, /Users/curtiscooley/.ivy2/cache/com.typesafe.akka/akka-actor_2.11/jars/akka-actor_2.11-2.4.12.jar, /Users/curtiscooley/.ivy2/cache/org.scala-lang.modules/scala-java8-compat_2.11/bundles/scala-java8-compat_2.11-0.7.0.jar, /Users/curtiscooley/.ivy2/cache/com.typesafe/ssl-config-core_2.11/bundles/ssl-config-core_2.11-0.2.1.jar, /Users/curtiscooley/.ivy2/cache/org.scala-lang.modules/scala-parser-combinators_2.11/bundles/scala-parser-combinators_2.11-1.0.4.jar, /Users/curtiscooley/.ivy2/cache/com.typesafe.play/twirl-api_2.11/jars/twirl-api_2.11-1.1.1.jar, /Users/curtiscooley/.ivy2/cache/org.apache.commons/commons-lang3/jars/commons-lang3-3.4.jar, /Users/curtiscooley/.ivy2/cache/org.scala-lang.modules/scala-xml_2.11/bundles/scala-xml_2.11-1.0.1.jar, /Users/curtiscooley/.ivy2/cache/com.typesafe.akka/akka-slf4j_2.11/jars/akka-slf4j_2.11-2.4.12.jar, /Users/curtiscooley/.ivy2/cache/commons-codec/commons-codec/jars/commons-codec-1.10.jar, /Users/curtiscooley/.ivy2/cache/xerces/xercesImpl/jars/xercesImpl-2.11.0.jar, /Users/curtiscooley/.ivy2/cache/xml-apis/xml-apis/jars/xml-apis-1.4.01.jar, /Users/curtiscooley/.ivy2/cache/javax.transaction/jta/jars/jta-1.1.jar, /Users/curtiscooley/.ivy2/cache/com.google.inject/guice/jars/guice-4.0.jar, /Users/curtiscooley/.ivy2/cache/javax.inject/javax.inject/jars/javax.inject-1.jar, /Users/curtiscooley/.ivy2/cache/aopalliance/aopalliance/jars/aopalliance-1.0.jar, /Users/curtiscooley/.ivy2/cache/com.google.guava/guava/bundles/guava-16.0.1.jar, /Users/curtiscooley/.ivy2/cache/com.google.inject.extensions/guice-assistedinject/jars/guice-assistedinject-4.0.jar, /Users/curtiscooley/.ivy2/cache/com.typesafe.netty/netty-reactive-streams-http/jars/netty-reactive-streams-http-1.0.8.jar, /Users/curtiscooley/.ivy2/cache/com.typesafe.netty/netty-reactive-streams/jars/netty-reactive-streams-1.0.8.jar, /Users/curtiscooley/.ivy2/cache/io.netty/netty-handler/jars/netty-handler-4.0.41.Final.jar, /Users/curtiscooley/.ivy2/cache/io.netty/netty-buffer/jars/netty-buffer-4.0.41.Final.jar, /Users/curtiscooley/.ivy2/cache/io.netty/netty-common/jars/netty-common-4.0.41.Final.jar, /Users/curtiscooley/.ivy2/cache/io.netty/netty-transport/jars/netty-transport-4.0.41.Final.jar, /Users/curtiscooley/.ivy2/cache/io.netty/netty-codec/jars/netty-codec-4.0.41.Final.jar, /Users/curtiscooley/.ivy2/cache/io.netty/netty-codec-http/jars/netty-codec-http-4.0.41.Final.jar, /Users/curtiscooley/.ivy2/cache/io.netty/netty-transport-native-epoll/jars/netty-transport-native-epoll-4.0.41.Final-linux-x86_64.jar, /Users/curtiscooley/.ivy2/cache/com.typesafe.play/play-doc_2.11/jars/play-doc_2.11-1.2.2.jar, /Users/curtiscooley/.ivy2/cache/org.pegdown/pegdown/jars/pegdown-1.4.0.jar, /Users/curtiscooley/.ivy2/cache/org.parboiled/parboiled-java/bundles/parboiled-java-1.1.5.jar, /Users/curtiscooley/.ivy2/cache/org.parboiled/parboiled-core/bundles/parboiled-core-1.1.5.jar, /Users/curtiscooley/.ivy2/cache/org.ow2.asm/asm/jars/asm-4.1.jar, /Users/curtiscooley/.ivy2/cache/org.ow2.asm/asm-tree/jars/asm-tree-4.1.jar, /Users/curtiscooley/.ivy2/cache/org.ow2.asm/asm-analysis/jars/asm-analysis-4.1.jar, /Users/curtiscooley/.ivy2/cache/org.ow2.asm/asm-util/jars/asm-util-4.1.jar, /Users/curtiscooley/.ivy2/cache/commons-io/commons-io/jars/commons-io-2.4.jar),Some(/Users/curtiscooley/.ivy2/cache/com.typesafe.play/play-omnidoc_2.11/jars/play-omnidoc_2.11-2.5.10.jar),List(),9000,0.0.0.0,DefaultWatchService,List(/Users/curtiscooley/workspace/recteamcaptain/public, /Users/curtiscooley/workspace/recteamcaptain/conf, /Users/curtiscooley/workspace/recteamcaptain/app),/Users/curtiscooley/workspace/recteamcaptain/target,500,root/playForkNotifyStart,root/playForkReload,300000,play.core.server.DevServerStart),scala.pickling.PicklerUnpickler$DelegatingPicklerUnpickler@126a7fa9),ForkConfig(/Users/curtiscooley/workspace/recteamcaptain,List(-Djna.nosys=true),List(/Users/curtiscooley/.ivy2/cache/org.scala-lang/scala-library/jars/scala-library-2.11.7.jar, /Users/curtiscooley/.ivy2/cache/com.typesafe.play/twirl-api_2.11/jars/twirl-api_2.11-1.1.1.jar, /Users/curtiscooley/.ivy2/cache/org.apache.commons/commons-lang3/jars/commons-lang3-3.4.jar, /Users/curtiscooley/.ivy2/cache/org.scala-lang.modules/scala-xml_2.11/bundles/scala-xml_2.11-1.0.1.jar, /Users/curtiscooley/.ivy2/cache/com.typesafe.play/play-server_2.11/jars/play-server_2.11-2.5.10.jar, /Users/curtiscooley/.ivy2/cache/com.typesafe.play/play_2.11/jars/play_2.11-2.5.10.jar, /Users/curtiscooley/.ivy2/cache/com.typesafe.play/build-link/jars/build-link-2.5.10.jar, /Users/curtiscooley/.ivy2/cache/com.typesafe.play/play-exceptions/jars/play-exceptions-2.5.10.jar, /Users/curtiscooley/.ivy2/cache/com.typesafe.play/play-iteratees_2.11/jars/play-iteratees_2.11-2.5.10.jar, /Users/curtiscooley/.ivy2/cache/org.scala-stm/scala-stm_2.11/jars/scala-stm_2.11-0.7.jar, /Users/curtiscooley/.ivy2/cache/com.typesafe/config/bundles/config-1.3.0.jar, /Users/curtiscooley/.ivy2/cache/com.typesafe.play/play-json_2.11/jars/play-json_2.11-2.5.10.jar, /Users/curtiscooley/.ivy2/cache/com.typesafe.play/play-functional_2.11/jars/play-functional_2.11-2.5.10.jar, /Users/curtiscooley/.ivy2/cache/com.typesafe.play/play-datacommons_2.11/jars/play-datacommons_2.11-2.5.10.jar, /Users/curtiscooley/.ivy2/cache/joda-time/joda-time/jars/joda-time-2.9.6.jar, /Users/curtiscooley/.ivy2/cache/org.joda/joda-convert/jars/joda-convert-1.8.1.jar, /Users/curtiscooley/.ivy2/cache/org.scala-lang/scala-reflect/jars/scala-reflect-2.11.7.jar, /Users/curtiscooley/.ivy2/cache/com.fasterxml.jackson.core/jackson-core/bundles/jackson-core-2.7.8.jar, /Users/curtiscooley/.ivy2/cache/com.fasterxml.jackson.core/jackson-annotations/bundles/jackson-annotations-2.7.8.jar, /Users/curtiscooley/.ivy2/cache/com.fasterxml.jackson.core/jackson-databind/bundles/jackson-databind-2.7.8.jar, /Users/curtiscooley/.ivy2/cache/com.fasterxml.jackson.datatype/jackson-datatype-jdk8/bundles/jackson-datatype-jdk8-2.7.8.jar, /Users/curtiscooley/.ivy2/cache/com.fasterxml.jackson.datatype/jackson-datatype-jsr310/bundles/jackson-datatype-jsr310-2.7.8.jar, /Users/curtiscooley/.ivy2/cache/com.typesafe.play/play-netty-utils/jars/play-netty-utils-2.5.10.jar, /Users/curtiscooley/.ivy2/cache/org.slf4j/slf4j-api/jars/slf4j-api-1.7.21.jar, /Users/curtiscooley/.ivy2/cache/org.slf4j/jul-to-slf4j/jars/jul-to-slf4j-1.7.21.jar, /Users/curtiscooley/.ivy2/cache/org.slf4j/jcl-over-slf4j/jars/jcl-over-slf4j-1.7.21.jar, /Users/curtiscooley/.ivy2/cache/com.typesafe.play/play-streams_2.11/jars/play-streams_2.11-2.5.10.jar, /Users/curtiscooley/.ivy2/cache/org.reactivestreams/reactive-streams/jars/reactive-streams-1.0.0.jar, /Users/curtiscooley/.ivy2/cache/com.typesafe.akka/akka-stream_2.11/jars/akka-stream_2.11-2.4.12.jar, /Users/curtiscooley/.ivy2/cache/com.typesafe.akka/akka-actor_2.11/jars/akka-actor_2.11-2.4.12.jar, /Users/curtiscooley/.ivy2/cache/org.scala-lang.modules/scala-java8-compat_2.11/bundles/scala-java8-compat_2.11-0.7.0.jar, /Users/curtiscooley/.ivy2/cache/com.typesafe/ssl-config-core_2.11/bundles/ssl-config-core_2.11-0.2.1.jar, /Users/curtiscooley/.ivy2/cache/org.scala-lang.modules/scala-parser-combinators_2.11/bundles/scala-parser-combinators_2.11-1.0.4.jar, /Users/curtiscooley/.ivy2/cache/com.typesafe.akka/akka-slf4j_2.11/jars/akka-slf4j_2.11-2.4.12.jar, /Users/curtiscooley/.ivy2/cache/commons-codec/commons-codec/jars/commons-codec-1.10.jar, /Users/curtiscooley/.ivy2/cache/xerces/xercesImpl/jars/xercesImpl-2.11.0.jar, /Users/curtiscooley/.ivy2/cache/xml-apis/xml-apis/jars/xml-apis-1.4.01.jar, /Users/curtiscooley/.ivy2/cache/javax.transaction/jta/jars/jta-1.1.jar, /Users/curtiscooley/.ivy2/cache/com.google.inject/guice/jars/guice-4.0.jar, /Users/curtiscooley/.ivy2/cache/javax.inject/javax.inject/jars/javax.inject-1.jar, /Users/curtiscooley/.ivy2/cache/aopalliance/aopalliance/jars/aopalliance-1.0.jar, /Users/curtiscooley/.ivy2/cache/com.google.inject.extensions/guice-assistedinject/jars/guice-assistedinject-4.0.jar, /Users/curtiscooley/.ivy2/cache/com.typesafe.play/play-netty-server_2.11/jars/play-netty-server_2.11-2.5.10.jar, /Users/curtiscooley/.ivy2/cache/com.typesafe.netty/netty-reactive-streams-http/jars/netty-reactive-streams-http-1.0.8.jar, /Users/curtiscooley/.ivy2/cache/com.typesafe.netty/netty-reactive-streams/jars/netty-reactive-streams-1.0.8.jar, /Users/curtiscooley/.ivy2/cache/io.netty/netty-handler/jars/netty-handler-4.0.41.Final.jar, /Users/curtiscooley/.ivy2/cache/io.netty/netty-buffer/jars/netty-buffer-4.0.41.Final.jar, /Users/curtiscooley/.ivy2/cache/io.netty/netty-common/jars/netty-common-4.0.41.Final.jar, /Users/curtiscooley/.ivy2/cache/io.netty/netty-transport/jars/netty-transport-4.0.41.Final.jar, /Users/curtiscooley/.ivy2/cache/io.netty/netty-codec/jars/netty-codec-4.0.41.Final.jar, /Users/curtiscooley/.ivy2/cache/io.netty/netty-codec-http/jars/netty-codec-http-4.0.41.Final.jar, /Users/curtiscooley/.ivy2/cache/io.netty/netty-transport-native-epoll/jars/netty-transport-native-epoll-4.0.41.Final-linux-x86_64.jar, /Users/curtiscooley/.ivy2/cache/com.typesafe.play/play-logback_2.11/jars/play-logback_2.11-2.5.10.jar, /Users/curtiscooley/.ivy2/cache/ch.qos.logback/logback-classic/jars/logback-classic-1.1.7.jar, /Users/curtiscooley/.ivy2/cache/ch.qos.logback/logback-core/jars/logback-core-1.1.7.jar, /Users/curtiscooley/.ivy2/cache/com.typesafe.play/play-jdbc_2.11/jars/play-jdbc_2.11-2.5.10.jar, /Users/curtiscooley/.ivy2/cache/com.typesafe.play/play-jdbc-api_2.11/jars/play-jdbc-api_2.11-2.5.10.jar, /Users/curtiscooley/.ivy2/cache/com.jolbox/bonecp/bundles/bonecp-0.8.0.RELEASE.jar, /Users/curtiscooley/.ivy2/cache/com.zaxxer/HikariCP/bundles/HikariCP-2.5.1.jar, /Users/curtiscooley/.ivy2/cache/com.googlecode.usc/jdbcdslog/jars/jdbcdslog-1.0.6.2.jar, /Users/curtiscooley/.ivy2/cache/com.h2database/h2/jars/h2-1.4.192.jar, /Users/curtiscooley/.ivy2/cache/tyrex/tyrex/jars/tyrex-1.0.1.jar, /Users/curtiscooley/.ivy2/cache/com.typesafe.play/play-cache_2.11/jars/play-cache_2.11-2.5.10.jar, /Users/curtiscooley/.ivy2/cache/net.sf.ehcache/ehcache-core/jars/ehcache-core-2.6.11.jar, /Users/curtiscooley/.ivy2/cache/com.typesafe.play/play-ws_2.11/jars/play-ws_2.11-2.5.10.jar, /Users/curtiscooley/.ivy2/cache/com.google.guava/guava/bundles/guava-19.0.jar, /Users/curtiscooley/.ivy2/cache/org.asynchttpclient/async-http-client/jars/async-http-client-2.0.11.jar, /Users/curtiscooley/.ivy2/cache/org.asynchttpclient/netty-resolver-dns/jars/netty-resolver-dns-2.0.11.jar, /Users/curtiscooley/.ivy2/cache/org.asynchttpclient/netty-resolver/jars/netty-resolver-2.0.11.jar, /Users/curtiscooley/.ivy2/cache/org.asynchttpclient/netty-codec-dns/jars/netty-codec-dns-2.0.11.jar, /Users/curtiscooley/.ivy2/cache/org.javassist/javassist/bundles/javassist-3.20.0-GA.jar, /Users/curtiscooley/.ivy2/cache/oauth.signpost/signpost-core/jars/signpost-core-1.2.1.2.jar, /Users/curtiscooley/.ivy2/cache/oauth.signpost/signpost-commonshttp4/jars/signpost-commonshttp4-1.2.1.2.jar, /Users/curtiscooley/.ivy2/cache/org.apache.httpcomponents/httpcore/jars/httpcore-4.0.1.jar, /Users/curtiscooley/.ivy2/cache/org.apache.httpcomponents/httpclient/jars/httpclient-4.0.1.jar, /Users/curtiscooley/.ivy2/cache/commons-logging/commons-logging/jars/commons-logging-1.1.1.jar),List((public/,/Users/curtiscooley/workspace/recteamcaptain/target/web/public/main)),List(/Users/curtiscooley/.ivy2/cache/com.typesafe.play/play-omnidoc_2.11/jars/play-omnidoc_2.11-2.5.10.jar, /Users/curtiscooley/.ivy2/cache/org.scala-lang/scala-library/jars/scala-library-2.11.7.jar, /Users/curtiscooley/.ivy2/cache/com.typesafe.play/play-docs_2.11/jars/play-docs_2.11-2.5.10.jar, /Users/curtiscooley/.ivy2/cache/com.typesafe.play/play-netty-server_2.11/jars/play-netty-server_2.11-2.5.10.jar, /Users/curtiscooley/.ivy2/cache/com.typesafe.play/play-server_2.11/jars/play-server_2.11-2.5.10.jar, /Users/curtiscooley/.ivy2/cache/com.typesafe.play/play_2.11/jars/play_2.11-2.5.10.jar, /Users/curtiscooley/.ivy2/cache/com.typesafe.play/build-link/jars/build-link-2.5.10.jar, /Users/curtiscooley/.ivy2/cache/com.typesafe.play/play-exceptions/jars/play-exceptions-2.5.10.jar, /Users/curtiscooley/.ivy2/cache/com.typesafe.play/play-iteratees_2.11/jars/play-iteratees_2.11-2.5.10.jar, /Users/curtiscooley/.ivy2/cache/org.scala-stm/scala-stm_2.11/jars/scala-stm_2.11-0.7.jar, /Users/curtiscooley/.ivy2/cache/com.typesafe/config/bundles/config-1.3.0.jar, /Users/curtiscooley/.ivy2/cache/com.typesafe.play/play-json_2.11/jars/play-json_2.11-2.5.10.jar, /Users/curtiscooley/.ivy2/cache/com.typesafe.play/play-functional_2.11/jars/play-functional_2.11-2.5.10.jar, /Users/curtiscooley/.ivy2/cache/com.typesafe.play/play-datacommons_2.11/jars/play-datacommons_2.11-2.5.10.jar, /Users/curtiscooley/.ivy2/cache/joda-time/joda-time/jars/joda-time-2.9.6.jar, /Users/curtiscooley/.ivy2/cache/org.joda/joda-convert/jars/joda-convert-1.8.1.jar, /Users/curtiscooley/.ivy2/cache/org.scala-lang/scala-reflect/jars/scala-reflect-2.11.7.jar, /Users/curtiscooley/.ivy2/cache/com.fasterxml.jackson.core/jackson-core/bundles/jackson-core-2.7.8.jar, /Users/curtiscooley/.ivy2/cache/com.fasterxml.jackson.core/jackson-annotations/bundles/jackson-annotations-2.7.8.jar, /Users/curtiscooley/.ivy2/cache/com.fasterxml.jackson.core/jackson-databind/bundles/jackson-databind-2.7.8.jar, /Users/curtiscooley/.ivy2/cache/com.fasterxml.jackson.datatype/jackson-datatype-jdk8/bundles/jackson-datatype-jdk8-2.7.8.jar, /Users/curtiscooley/.ivy2/cache/com.fasterxml.jackson.datatype/jackson-datatype-jsr310/bundles/jackson-datatype-jsr310-2.7.8.jar, /Users/curtiscooley/.ivy2/cache/com.typesafe.play/play-netty-utils/jars/play-netty-utils-2.5.10.jar, /Users/curtiscooley/.ivy2/cache/org.slf4j/slf4j-api/jars/slf4j-api-1.7.21.jar, /Users/curtiscooley/.ivy2/cache/org.slf4j/jul-to-slf4j/jars/jul-to-slf4j-1.7.21.jar, /Users/curtiscooley/.ivy2/cache/org.slf4j/jcl-over-slf4j/jars/jcl-over-slf4j-1.7.21.jar, /Users/curtiscooley/.ivy2/cache/com.typesafe.play/play-streams_2.11/jars/play-streams_2.11-2.5.10.jar, /Users/curtiscooley/.ivy2/cache/org.reactivestreams/reactive-streams/jars/reactive-streams-1.0.0.jar, /Users/curtiscooley/.ivy2/cache/com.typesafe.akka/akka-stream_2.11/jars/akka-stream_2.11-2.4.12.jar, /Users/curtiscooley/.ivy2/cache/com.typesafe.akka/akka-actor_2.11/jars/akka-actor_2.11-2.4.12.jar, /Users/curtiscooley/.ivy2/cache/org.scala-lang.modules/scala-java8-compat_2.11/bundles/scala-java8-compat_2.11-0.7.0.jar, /Users/curtiscooley/.ivy2/cache/com.typesafe/ssl-config-core_2.11/bundles/ssl-config-core_2.11-0.2.1.jar, /Users/curtiscooley/.ivy2/cache/org.scala-lang.modules/scala-parser-combinators_2.11/bundles/scala-parser-combinators_2.11-1.0.4.jar, /Users/curtiscooley/.ivy2/cache/com.typesafe.play/twirl-api_2.11/jars/twirl-api_2.11-1.1.1.jar, /Users/curtiscooley/.ivy2/cache/org.apache.commons/commons-lang3/jars/commons-lang3-3.4.jar, /Users/curtiscooley/.ivy2/cache/org.scala-lang.modules/scala-xml_2.11/bundles/scala-xml_2.11-1.0.1.jar, /Users/curtiscooley/.ivy2/cache/com.typesafe.akka/akka-slf4j_2.11/jars/akka-slf4j_2.11-2.4.12.jar, /Users/curtiscooley/.ivy2/cache/commons-codec/commons-codec/jars/commons-codec-1.10.jar, /Users/curtiscooley/.ivy2/cache/xerces/xercesImpl/jars/xercesImpl-2.11.0.jar, /Users/curtiscooley/.ivy2/cache/xml-apis/xml-apis/jars/xml-apis-1.4.01.jar, /Users/curtiscooley/.ivy2/cache/javax.transaction/jta/jars/jta-1.1.jar, /Users/curtiscooley/.ivy2/cache/com.google.inject/guice/jars/guice-4.0.jar, /Users/curtiscooley/.ivy2/cache/javax.inject/javax.inject/jars/javax.inject-1.jar, /Users/curtiscooley/.ivy2/cache/aopalliance/aopalliance/jars/aopalliance-1.0.jar, /Users/curtiscooley/.ivy2/cache/com.google.guava/guava/bundles/guava-16.0.1.jar, /Users/curtiscooley/.ivy2/cache/com.google.inject.extensions/guice-assistedinject/jars/guice-assistedinject-4.0.jar, /Users/curtiscooley/.ivy2/cache/com.typesafe.netty/netty-reactive-streams-http/jars/netty-reactive-streams-http-1.0.8.jar, /Users/curtiscooley/.ivy2/cache/com.typesafe.netty/netty-reactive-streams/jars/netty-reactive-streams-1.0.8.jar, /Users/curtiscooley/.ivy2/cache/io.netty/netty-handler/jars/netty-handler-4.0.41.Final.jar, /Users/curtiscooley/.ivy2/cache/io.netty/netty-buffer/jars/netty-buffer-4.0.41.Final.jar, /Users/curtiscooley/.ivy2/cache/io.netty/netty-common/jars/netty-common-4.0.41.Final.jar, /Users/curtiscooley/.ivy2/cache/io.netty/netty-transport/jars/netty-transport-4.0.41.Final.jar, /Users/curtiscooley/.ivy2/cache/io.netty/netty-codec/jars/netty-codec-4.0.41.Final.jar, /Users/curtiscooley/.ivy2/cache/io.netty/netty-codec-http/jars/netty-codec-http-4.0.41.Final.jar, /Users/curtiscooley/.ivy2/cache/io.netty/netty-transport-native-epoll/jars/netty-transport-native-epoll-4.0.41.Final-linux-x86_64.jar, /Users/curtiscooley/.ivy2/cache/com.typesafe.play/play-doc_2.11/jars/play-doc_2.11-1.2.2.jar, /Users/curtiscooley/.ivy2/cache/org.pegdown/pegdown/jars/pegdown-1.4.0.jar, /Users/curtiscooley/.ivy2/cache/org.parboiled/parboiled-java/bundles/parboiled-java-1.1.5.jar, /Users/curtiscooley/.ivy2/cache/org.parboiled/parboiled-core/bundles/parboiled-core-1.1.5.jar, /Users/curtiscooley/.ivy2/cache/org.ow2.asm/asm/jars/asm-4.1.jar, /Users/curtiscooley/.ivy2/cache/org.ow2.asm/asm-tree/jars/asm-tree-4.1.jar, /Users/curtiscooley/.ivy2/cache/org.ow2.asm/asm-analysis/jars/asm-analysis-4.1.jar, /Users/curtiscooley/.ivy2/cache/org.ow2.asm/asm-util/jars/asm-util-4.1.jar, /Users/curtiscooley/.ivy2/cache/commons-io/commons-io/jars/commons-io-2.4.jar),Some(/Users/curtiscooley/.ivy2/cache/com.typesafe.play/play-omnidoc_2.11/jars/play-omnidoc_2.11-2.5.10.jar),List(),9000,0.0.0.0,DefaultWatchService,List(/Users/curtiscooley/workspace/recteamcaptain/public, /Users/curtiscooley/workspace/recteamcaptain/conf, /Users/curtiscooley/workspace/recteamcaptain/app),/Users/curtiscooley/workspace/recteamcaptain/target,500,root/playForkNotifyStart,root/playForkReload,300000,play.core.server.DevServerStart))))
Sending msg to client play-fork-run-a1192812-a37e-42f1-b3cf-c21a9fe86f94: TaskStarted(31,3752,None)
Sending msg to client play-fork-run-a1192812-a37e-42f1-b3cf-c21a9fe86f94: TaskFinished(31,3752,None,true,None)
Sending msg to client play-fork-run-a1192812-a37e-42f1-b3cf-c21a9fe86f94: TaskStarted(31,3751,None)
Sending msg to client play-fork-run-a1192812-a37e-42f1-b3cf-c21a9fe86f94: TaskFinished(31,3751,None,true,None)
Sending msg to client play-fork-run-a1192812-a37e-42f1-b3cf-c21a9fe86f94: DetachedLogEvent(LogMessage(debug,cancel strategy finish enabled=false lastCommand=Some(LastCommand(CommandExecutionWork(ExecutionId(31),{file:/Users/curtiscooley/workspace/recteamcaptain/}root/*:playForkConfig,Set(LiveClient(play-fork-run a1192812-a37e-42f1-b3cf-c21a9fe86f94)),sbt.server.WorkCancellationStatus$$anon$1@1f920966)))))
Sending msg to client play-fork-run-a1192812-a37e-42f1-b3cf-c21a9fe86f94: DetachedLogEvent(LogSuccess(Total time: 0 s, completed Dec 27, 2016 9:28:32 AM))
Sending msg to client play-fork-run-a1192812-a37e-42f1-b3cf-c21a9fe86f94: DetachedLogEvent(LogMessage(debug,> server-post-command-cleanup))
Sending msg to client play-fork-run-a1192812-a37e-42f1-b3cf-c21a9fe86f94: ExecutionSuccess(31)
Sending msg to client play-fork-run-a1192812-a37e-42f1-b3cf-c21a9fe86f94: DetachedLogEvent(LogMessage(debug,> server-handle-next-server-request))
Sending msg to client play-fork-run-a1192812-a37e-42f1-b3cf-c21a9fe86f94: BackgroundJobLogEvent(2,LogMessage(info,))
Sending msg to client play-fork-run-a1192812-a37e-42f1-b3cf-c21a9fe86f94: BackgroundJobLogEvent(2,LogMessage(info,[35m--- (Running the application, auto-reloading is enabled) ---[0m))
Sending msg to client play-fork-run-a1192812-a37e-42f1-b3cf-c21a9fe86f94: BackgroundJobLogEvent(2,LogMessage(info,))
Sending msg to client play-fork-run-a1192812-a37e-42f1-b3cf-c21a9fe86f94: BackgroundJobLogEvent(2,LogMessage(error,p.c.s.NettyServer - Failed to listen for HTTP on /0.0.0.0:9000!))
